/Users/Jialin/scikit-learn/sklearn/preprocessing/label.py:108: DataConversionWarning: A column-vector y was passed when a 1d array was expected. Please change the shape of y to (n_samples, ), for example using ravel().
  y = column_or_1d(y, warn=True)
/Users/Jialin/scikit-learn/sklearn/preprocessing/label.py:143: DataConversionWarning: A column-vector y was passed when a 1d array was expected. Please change the shape of y to (n_samples, ), for example using ravel().
  y = column_or_1d(y, warn=True)
Reading data...
Subsequence length 10
Extracting data...
Fitting model...
Reading data...
Subsequence length 20
Extracting data...
Fitting model...
Reading data...
Subsequence length 40
Extracting data...
Fitting model...
Reading data...
Subsequence length 10
Extracting data...
Fitting model...
Reading data...
Subsequence length 20
Extracting data...
Fitting model...
Reading data...
Subsequence length 40
Extracting data...
Fitting model...
